docker-machine ls  
docker-machine ssh shipyard 'cat /var/lib/boot2docker/profile'
docker-machine ssh shipyard 'ps -ef|grep docker'
docker-machine ls  
docker-machine ssh shipyard 'sudo cp -f /Users/liusongsen/Project/web/fw-compose-local/shipyard/docker-compose /usr/local/bin/'
docker-machine ssh shipyard 'sudo cp -f /Users/liusongsen/Project/web/fw-compose-local/shipyard/docker-compose.yml /home/docker/'
docker-machine ssh shipyard 'sudo sed -i -e"s/google/192.168.99.100/" /home/docker/docker-compose.yml'
docker-machine ssh shipyard 'cd /home/docker && docker-compose up -d'
docker-machine ssh shipyard 'docker inspect docker_shipyard-controller_1'
docker-machine ssh shipyard 'sudo docker logs --tail 1 docker_shipyard-controller_1'
docker-machine ls  
docker-machine ssh framework 'cat /var/lib/boot2docker/profile'
docker-machine ssh framework 'ps -ef|grep docker'
docker-machine ls  
docker-machine ssh framework 'docker ps -a | grep shipyard-swarm-agent'
docker-machine ssh framework 'docker inspect shipyard-swarm-agent'
docker-machine ls  
docker-machine ssh shipyard 'cat /var/lib/boot2docker/profile'
docker-machine ssh shipyard 'ps -ef|grep docker'
docker-machine ls  
docker-machine ssh shipyard 'sudo cp -f /Users/liusongsen/Project/web/fw-compose-local/shipyard/docker-compose /usr/local/bin/'
docker-machine ssh shipyard 'sudo cp -f /Users/liusongsen/Project/web/fw-compose-local/shipyard/docker-compose.yml /home/docker/'
docker-machine ssh shipyard 'sudo sed -i -e"s/google/192.168.99.100/" /home/docker/docker-compose.yml'
docker-machine ssh shipyard 'cd /home/docker && docker-compose up -d'
docker-machine ssh shipyard 'docker inspect docker_shipyard-controller_1'
docker-machine ssh shipyard 'sudo docker logs --tail 1 docker_shipyard-controller_1'
docker-machine ls  
docker-machine ssh framework 'cat /var/lib/boot2docker/profile'
docker-machine ssh framework 'ps -ef|grep docker'
docker-machine ls  
docker-machine ssh framework 'docker ps -a | grep shipyard-swarm-agent'
docker-machine ssh framework 'docker inspect shipyard-swarm-agent'
docker-machine ls  
docker-machine ssh shipyard 'cat /var/lib/boot2docker/profile'
docker-machine ssh shipyard 'ps -ef|grep docker'
docker-machine ls  
docker-machine ssh shipyard 'sudo cp -f /Users/liusongsen/Project/web/fw-compose-local/shipyard/docker-compose /usr/local/bin/'
docker-machine ssh shipyard 'sudo cp -f /Users/liusongsen/Project/web/fw-compose-local/shipyard/docker-compose.yml /home/docker/'
docker-machine ssh shipyard 'sudo sed -i -e"s/google/192.168.99.100/" /home/docker/docker-compose.yml'
docker-machine ssh shipyard 'cd /home/docker && docker-compose up -d'
docker-machine ssh shipyard 'docker inspect docker_shipyard-controller_1'
docker-machine ssh shipyard 'sudo docker logs --tail 1 docker_shipyard-controller_1'
docker-machine ls  
docker-machine ssh framework 'cat /var/lib/boot2docker/profile'
docker-machine ssh framework 'ps -ef|grep docker'
docker-machine ls  
docker-machine ssh framework 'docker ps -a | grep shipyard-swarm-agent'
docker-machine ssh framework 'docker inspect shipyard-swarm-agent'
docker-machine ls  
docker-machine ssh shipyard 'cat /var/lib/boot2docker/profile'
docker-machine ssh shipyard 'ps -ef|grep docker'
docker-machine ls  
docker-machine ssh shipyard 'sudo cp -f /Users/liusongsen/Project/web/fw-compose-local/shipyard/docker-compose /usr/local/bin/'
docker-machine ssh shipyard 'sudo cp -f /Users/liusongsen/Project/web/fw-compose-local/shipyard/docker-compose.yml /home/docker/'
docker-machine ssh shipyard 'sudo sed -i -e"s/google/192.168.99.100/" /home/docker/docker-compose.yml'
docker-machine ssh shipyard 'cd /home/docker && docker-compose up -d'
docker-machine ssh shipyard 'docker inspect docker_shipyard-controller_1'
docker-machine ssh shipyard 'sudo docker logs --tail 1 docker_shipyard-controller_1'
docker-machine ls  
docker-machine ssh framework 'cat /var/lib/boot2docker/profile'
docker-machine ssh framework 'ps -ef|grep docker'
docker-machine ls  
docker-machine ssh framework 'docker ps -a | grep shipyard-swarm-agent'
docker-machine ssh framework 'docker inspect shipyard-swarm-agent'
docker-machine ls  
docker-machine ssh shipyard 'cat /var/lib/boot2docker/profile'
docker-machine ssh shipyard 'ps -ef|grep docker'
docker-machine ls  
docker-machine ssh shipyard 'sudo cp -f /Users/liusongsen/Project/web/fw-compose-local/shipyard/docker-compose /usr/local/bin/'
docker-machine ssh shipyard 'sudo cp -f /Users/liusongsen/Project/web/fw-compose-local/shipyard/docker-compose.yml /home/docker/'
docker-machine ssh shipyard 'sudo sed -i -e"s/google/192.168.99.100/" /home/docker/docker-compose.yml'
docker-machine ssh shipyard 'cd /home/docker && docker-compose up -d'
docker-machine ssh shipyard 'docker inspect docker_shipyard-controller_1'
docker-machine ssh shipyard 'sudo docker logs --tail 1 docker_shipyard-controller_1'
docker-machine ls  
docker-machine ssh framework 'cat /var/lib/boot2docker/profile'
docker-machine ssh framework 'ps -ef|grep docker'
docker-machine ls  
docker-machine ssh framework 'docker ps -a | grep shipyard-swarm-agent'
docker-machine ssh framework 'docker inspect shipyard-swarm-agent'
docker-machine ls  
docker-machine ssh shipyard 'cat /var/lib/boot2docker/profile'
docker-machine ssh shipyard 'ps -ef|grep docker'
docker-machine ls  
docker-machine ssh shipyard 'sudo cp -f /Users/liusongsen/Project/web/fw-compose-local/shipyard/docker-compose /usr/local/bin/'
docker-machine ssh shipyard 'sudo cp -f /Users/liusongsen/Project/web/fw-compose-local/shipyard/docker-compose.yml /home/docker/'
docker-machine ssh shipyard 'sudo sed -i -e"s/google/192.168.99.100/" /home/docker/docker-compose.yml'
docker-machine ssh shipyard 'cd /home/docker && docker-compose up -d'
docker-machine ssh shipyard 'docker inspect docker_shipyard-controller_1'
docker-machine ssh shipyard 'sudo docker logs --tail 1 docker_shipyard-controller_1'
docker-machine ls  
docker-machine ssh framework 'cat /var/lib/boot2docker/profile'
docker-machine ssh framework 'ps -ef|grep docker'
docker-machine ls  
docker-machine ssh framework 'docker ps -a | grep shipyard-swarm-agent'
docker-machine ssh framework 'docker inspect shipyard-swarm-agent'
docker-machine ls  
docker-machine ssh shipyard 'cat /var/lib/boot2docker/profile'
docker-machine ssh shipyard 'ps -ef|grep docker'
docker-machine ls  
docker-machine ssh shipyard 'sudo cp -f /Users/liusongsen/Project/web/fw-compose-local/shipyard/docker-compose /usr/local/bin/'
docker-machine ssh shipyard 'sudo cp -f /Users/liusongsen/Project/web/fw-compose-local/shipyard/docker-compose.yml /home/docker/'
docker-machine ssh shipyard 'sudo sed -i -e"s/google/192.168.99.100/" /home/docker/docker-compose.yml'
docker-machine ssh shipyard 'cd /home/docker && docker-compose up -d'
docker-machine ssh shipyard 'docker inspect docker_shipyard-controller_1'
docker-machine ssh shipyard 'sudo docker logs --tail 1 docker_shipyard-controller_1'
docker-machine ls  
docker-machine ssh framework 'cat /var/lib/boot2docker/profile'
docker-machine ssh framework 'ps -ef|grep docker'
docker-machine ls  
docker-machine ssh framework 'docker ps -a | grep shipyard-swarm-agent'
docker-machine ssh framework 'docker inspect shipyard-swarm-agent'
docker-machine ls  
docker-machine ssh shipyard 'cat /var/lib/boot2docker/profile'
docker-machine ssh shipyard 'ps -ef|grep docker'
docker-machine ls  
docker-machine ssh shipyard 'sudo cp -f /Users/liusongsen/Project/web/fw-compose-local/shipyard/docker-compose /usr/local/bin/'
docker-machine ssh shipyard 'sudo cp -f /Users/liusongsen/Project/web/fw-compose-local/shipyard/docker-compose.yml /home/docker/'
docker-machine ssh shipyard 'sudo sed -i -e"s/google/192.168.99.100/" /home/docker/docker-compose.yml'
docker-machine ssh shipyard 'cd /home/docker && docker-compose up -d'
docker-machine ssh shipyard 'docker inspect docker_shipyard-controller_1'
docker-machine ssh shipyard 'sudo docker logs --tail 1 docker_shipyard-controller_1'
docker-machine ls  
docker-machine ssh framework 'cat /var/lib/boot2docker/profile'
docker-machine ssh framework 'ps -ef|grep docker'
docker-machine ls  
docker-machine ssh framework 'docker ps -a | grep shipyard-swarm-agent'
docker-machine ssh framework 'docker inspect shipyard-swarm-agent'
docker-machine ls  
docker-machine ssh shipyard 'cat /var/lib/boot2docker/profile'
docker-machine ssh shipyard 'ps -ef|grep docker'
docker-machine ls  
docker-machine ssh shipyard 'sudo cp -f /Users/liusongsen/Project/web/fw-compose-local/shipyard/docker-compose /usr/local/bin/'
docker-machine ssh shipyard 'sudo cp -f /Users/liusongsen/Project/web/fw-compose-local/shipyard/docker-compose.yml /home/docker/'
docker-machine ssh shipyard 'sudo sed -i -e"s/google/192.168.99.100/" /home/docker/docker-compose.yml'
docker-machine ssh shipyard 'cd /home/docker && docker-compose up -d'
docker-machine ssh shipyard 'docker inspect docker_shipyard-controller_1'
docker-machine ssh shipyard 'sudo docker logs --tail 1 docker_shipyard-controller_1'
docker-machine ls  
docker-machine ssh framework 'cat /var/lib/boot2docker/profile'
docker-machine ssh framework 'ps -ef|grep docker'
docker-machine ls  
docker-machine ssh framework 'docker ps -a | grep shipyard-swarm-agent'
docker-machine ssh framework 'docker inspect shipyard-swarm-agent'
docker-machine ls  
docker-machine ssh shipyard 'cat /var/lib/boot2docker/profile'
docker-machine ssh shipyard 'ps -ef|grep docker'
docker-machine ls  
docker-machine ssh shipyard 'sudo cp -f /Users/liusongsen/Project/web/fw-compose-local/shipyard/docker-compose /usr/local/bin/'
docker-machine ssh shipyard 'sudo cp -f /Users/liusongsen/Project/web/fw-compose-local/shipyard/docker-compose.yml /home/docker/'
docker-machine ssh shipyard 'sudo sed -i -e"s/google/192.168.99.100/" /home/docker/docker-compose.yml'
docker-machine ssh shipyard 'cd /home/docker && docker-compose up -d'
docker-machine ssh shipyard 'docker inspect docker_shipyard-controller_1'
docker-machine ssh shipyard 'sudo docker logs --tail 1 docker_shipyard-controller_1'
docker-machine ls  
docker-machine ssh framework 'cat /var/lib/boot2docker/profile'
docker-machine ssh framework 'ps -ef|grep docker'
docker-machine ls  
docker-machine ssh framework 'docker ps -a | grep shipyard-swarm-agent'
docker-machine ssh framework 'docker inspect shipyard-swarm-agent'
docker-machine ls  
docker-machine ssh shipyard 'cat /var/lib/boot2docker/profile'
docker-machine ssh shipyard 'ps -ef|grep docker'
docker-machine ls  
docker-machine ssh shipyard 'sudo cp -f /Users/liusongsen/Project/web/fw-compose-local/shipyard/docker-compose /usr/local/bin/'
docker-machine ssh shipyard 'sudo cp -f /Users/liusongsen/Project/web/fw-compose-local/shipyard/docker-compose.yml /home/docker/'
docker-machine ssh shipyard 'sudo sed -i -e"s/google/192.168.99.100/" /home/docker/docker-compose.yml'
docker-machine ssh shipyard 'cd /home/docker && docker-compose up -d'
docker-machine ssh shipyard 'docker inspect docker_shipyard-controller_1'
docker-machine ssh shipyard 'sudo docker logs --tail 1 docker_shipyard-controller_1'
docker-machine ls  
docker-machine ssh framework 'cat /var/lib/boot2docker/profile'
docker-machine ssh framework 'ps -ef|grep docker'
docker-machine ls  
docker-machine ssh framework 'docker ps -a | grep shipyard-swarm-agent'
docker-machine ssh framework 'docker inspect shipyard-swarm-agent'
